2025-03-21 21:05:44,562 - INFO - Starting template propagation
2025-03-21 21:05:44,562 - INFO - Using Windows path: C:\data\KinOS
2025-03-21 21:05:44,563 - INFO - Processing 2 projects for customer: deskmate
2025-03-21 21:05:44,563 - INFO - Updating project: deskmate/default-user
2025-03-21 21:05:44,566 - INFO - Updating file: kinos.txt
2025-03-21 21:05:44,568 - INFO - Updating file: persona.txt
2025-03-21 21:05:44,569 - INFO - Updating file: system.txt
2025-03-21 21:05:44,572 - INFO - Project deskmate/default-user: Added 0, Updated 3, Preserved 15 files
2025-03-21 21:05:44,573 - INFO - Updating project: deskmate/test-at-example-dot-com
2025-03-21 21:05:44,574 - INFO - Updating file: kinos.txt
2025-03-21 21:05:44,576 - INFO - Updating file: persona.txt
2025-03-21 21:05:44,577 - INFO - Updating file: system.txt
2025-03-21 21:05:44,580 - INFO - Project deskmate/test-at-example-dot-com: Added 0, Updated 3, Preserved 15 files
2025-03-21 21:05:44,580 - INFO - Processing 1 projects for customer: duogaming
2025-03-21 21:05:44,580 - INFO - Updating project: duogaming/NLR-Zephyr
2025-03-21 21:05:44,586 - INFO - Updating file: kinos.txt
2025-03-21 21:05:44,587 - INFO - Updating file: persona.txt
2025-03-21 21:05:44,589 - INFO - Updating file: system.txt
2025-03-21 21:05:44,595 - INFO - Project duogaming/NLR-Zephyr: Added 0, Updated 3, Preserved 49 files
2025-03-21 21:05:44,596 - INFO - No projects found for customer: kinkong
2025-03-21 21:05:44,597 - INFO - Processing 1 projects for customer: kinos
2025-03-21 21:05:44,597 - INFO - Updating project: kinos/deskmate
2025-03-21 21:05:44,599 - INFO - Updating file: kinos.txt
2025-03-21 21:05:44,601 - INFO - Updating file: persona.txt
2025-03-21 21:05:44,603 - INFO - Updating file: system.txt
2025-03-21 21:05:44,605 - INFO - Project kinos/deskmate: Added 0, Updated 3, Preserved 12 files
2025-03-21 21:05:44,606 - INFO - Processing 1 projects for customer: marketingmesh
2025-03-21 21:05:44,606 - INFO - Updating project: marketingmesh/nlr_at_universalbasiccompute_dot_ai
2025-03-21 21:05:44,608 - INFO - Updating file: persona.txt
2025-03-21 21:05:44,609 - INFO - Updating file: system.txt
2025-03-21 21:05:44,611 - INFO - Project marketingmesh/nlr_at_universalbasiccompute_dot_ai: Added 0, Updated 2, Preserved 12 files
2025-03-21 21:05:44,612 - INFO - Processing 1 projects for customer: therapykin
2025-03-21 21:05:44,613 - INFO - Updating project: therapykin/NicolasReynolds
2025-03-21 21:05:44,615 - INFO - Updating file: kinos.txt
2025-03-21 21:05:44,616 - INFO - Updating file: persona.txt
2025-03-21 21:05:44,618 - INFO - Updating file: system.txt
2025-03-21 21:05:44,620 - INFO - Project therapykin/NicolasReynolds: Added 0, Updated 3, Preserved 15 files
2025-03-21 21:05:44,621 - INFO - Template propagation complete. Processed 6 projects: Added 0, Updated 17, Preserved 118 files
