2025-03-25 00:29:49,532 - INFO - Starting template propagation
2025-03-25 00:29:49,533 - INFO - Using Windows path: C:\data\KinOS
2025-03-25 00:29:49,533 - INFO - Processing 2 projects for customer: deskmate
2025-03-25 00:29:49,533 - INFO - Updating project: deskmate/default-user
2025-03-25 00:29:49,535 - INFO - Updating file: kinos.txt
2025-03-25 00:29:49,536 - INFO - Updating file: persona.txt
2025-03-25 00:29:49,537 - INFO - Updating file: system.txt
2025-03-25 00:29:49,538 - INFO - Project deskmate/default-user: Added 0, Updated 3, Preserved 15 files
2025-03-25 00:29:49,538 - INFO - Updating project: deskmate/test-at-example-dot-com
2025-03-25 00:29:49,540 - INFO - Updating file: kinos.txt
2025-03-25 00:29:49,540 - INFO - Updating file: persona.txt
2025-03-25 00:29:49,541 - INFO - Updating file: system.txt
2025-03-25 00:29:49,542 - INFO - Project deskmate/test-at-example-dot-com: Added 0, Updated 3, Preserved 15 files
2025-03-25 00:29:49,542 - INFO - Processing 1 projects for customer: duogaming
2025-03-25 00:29:49,543 - INFO - Updating project: duogaming/NLR-Zephyr
2025-03-25 00:29:49,545 - INFO - Updating file: kinos.txt
2025-03-25 00:29:49,546 - INFO - Updating file: persona.txt
2025-03-25 00:29:49,546 - INFO - Updating file: system.txt
2025-03-25 00:29:49,550 - INFO - Project duogaming/NLR-Zephyr: Added 0, Updated 3, Preserved 49 files
2025-03-25 00:29:49,550 - INFO - No projects found for customer: fictra
2025-03-25 00:29:49,550 - INFO - No projects found for customer: kinkong
2025-03-25 00:29:49,550 - INFO - Processing 1 projects for customer: kinos
2025-03-25 00:29:49,551 - INFO - Updating project: kinos/deskmate
2025-03-25 00:29:49,552 - INFO - Updating file: kinos.txt
2025-03-25 00:29:49,553 - INFO - Updating file: persona.txt
2025-03-25 00:29:49,554 - INFO - Updating file: system.txt
2025-03-25 00:29:49,555 - INFO - Project kinos/deskmate: Added 0, Updated 3, Preserved 12 files
2025-03-25 00:29:49,555 - INFO - Processing 1 projects for customer: marketingmesh
2025-03-25 00:29:49,556 - INFO - Updating project: marketingmesh/nlr_at_universalbasiccompute_dot_ai
2025-03-25 00:29:49,557 - INFO - Updating file: persona.txt
2025-03-25 00:29:49,557 - INFO - Updating file: system.txt
2025-03-25 00:29:49,558 - INFO - Project marketingmesh/nlr_at_universalbasiccompute_dot_ai: Added 0, Updated 2, Preserved 12 files
2025-03-25 00:29:49,559 - INFO - Processing 1 projects for customer: therapykin
2025-03-25 00:29:49,559 - INFO - Updating project: therapykin/NicolasReynolds
2025-03-25 00:29:49,560 - INFO - Updating file: kinos.txt
2025-03-25 00:29:49,560 - INFO - Updating file: persona.txt
2025-03-25 00:29:49,562 - INFO - Updating file: system.txt
2025-03-25 00:29:49,563 - INFO - Project therapykin/NicolasReynolds: Added 0, Updated 3, Preserved 15 files
2025-03-25 00:29:49,563 - INFO - No projects found for customer: therapykinathletes
2025-03-25 00:29:49,563 - INFO - Processing 1 projects for customer: therapykincrypto
2025-03-25 00:29:49,564 - INFO - Updating project: therapykincrypto/NicolasReynolds
2025-03-25 00:29:49,564 - INFO - Updating file: kinos.txt
2025-03-25 00:29:49,565 - INFO - Updating file: persona.txt
2025-03-25 00:29:49,566 - INFO - Updating file: system.txt
2025-03-25 00:29:49,568 - INFO - Project therapykincrypto/NicolasReynolds: Added 0, Updated 3, Preserved 12 files
2025-03-25 00:29:49,568 - INFO - No projects found for customer: therapykinexecutives
2025-03-25 00:29:49,568 - INFO - Template propagation complete. Processed 7 projects: Added 0, Updated 20, Preserved 130 files
